#
# There is insufficient memory for the Java Runtime Environment to continue.
# Native memory allocation (malloc) failed to allocate 716177408 bytes for committing reserved memory.
# Possible reasons:
#   The system is out of physical RAM or swap space
#   In 32 bit mode, the process size limit was hit
# Possible solutions:
#   Reduce memory load on the system
#   Increase physical memory or swap space
#   Check if swap backing store is full
#   Use 64 bit Java on a 64 bit OS
#   Decrease Java heap size (-Xmx/-Xms)
#   Decrease number of Java threads
#   Decrease Java thread stack sizes (-Xss)
#   Set larger code cache with -XX:ReservedCodeCacheSize=
# This output file may be truncated or incomplete.
#
#  Out of Memory Error (os_linux.cpp:2756), pid=18535, tid=140029665371904
#
# JRE version:  (7.0_79-b15) (build )
# Java VM: Java HotSpot(TM) 64-Bit Server VM (24.79-b02 mixed mode linux-amd64 compressed oops)
# Failed to write core dump. Core dumps have been disabled. To enable core dumping, try "ulimit -c unlimited" before starting Java again
#

---------------  T H R E A D  ---------------

Current thread (0x00007f5b2c009800):  JavaThread "Unknown thread" [_thread_in_vm, id=18536, stack(0x00007f5b32666000,0x00007f5b32767000)]

Stack: [0x00007f5b32666000,0x00007f5b32767000],  sp=0x00007f5b32765200,  free space=1020k
Native frames: (J=compiled Java code, j=interpreted, Vv=VM code, C=native code)
V  [libjvm.so+0x9a32da]  VMError::report_and_die()+0x2ea
V  [libjvm.so+0x497f7b]  report_vm_out_of_memory(char const*, int, unsigned long, char const*)+0x9b
V  [libjvm.so+0x81fcce]  os::Linux::commit_memory_impl(char*, unsigned long, bool)+0xfe
V  [libjvm.so+0x820219]  os::pd_commit_memory(char*, unsigned long, unsigned long, bool)+0x29
V  [libjvm.so+0x819faa]  os::commit_memory(char*, unsigned long, unsigned long, bool)+0x2a
V  [libjvm.so+0x88d863]  PSVirtualSpace::expand_by(unsigned long)+0x53
V  [libjvm.so+0x87c4d3]  PSOldGen::initialize(ReservedSpace, unsigned long, char const*, int)+0x103
V  [libjvm.so+0x29a9b3]  AdjoiningGenerations::AdjoiningGenerations(ReservedSpace, unsigned long, unsigned long, unsigned long, unsigned long, unsigned long, unsigned long, unsigned long)+0x3e3
V  [libjvm.so+0x8415f5]  ParallelScavengeHeap::initialize()+0x4d5
V  [libjvm.so+0x9751aa]  Universe::initialize_heap()+0xca
V  [libjvm.so+0x976379]  universe_init()+0x79
V  [libjvm.so+0x5b1d25]  init_globals()+0x65
V  [libjvm.so+0x95dc6d]  Threads::create_vm(JavaVMInitArgs*, bool*)+0x1ed
V  [libjvm.so+0x639fe4]  JNI_CreateJavaVM+0x74
C  [libjli.so+0x2f8e]  JavaMain+0x9e


---------------  P R O C E S S  ---------------

Java Threads: ( => current thread )

Other Threads:

=>0x00007f5b2c009800 (exited) JavaThread "Unknown thread" [_thread_in_vm, id=18536, stack(0x00007f5b32666000,0x00007f5b32767000)]

VM state:not at safepoint (not fully initialized)

VM Mutex/Monitor currently owned by a thread: None

GC Heap History (0 events):
No events

Deoptimization events (0 events):
No events

Internal exceptions (0 events):
No events

Events (0 events):
No events


Dynamic libraries:
00400000-00401000 r-xp 00000000 07:00 675811                             /usr/lib/jvm/jdk1.7.0_79/bin/java
00600000-00601000 rw-p 00000000 07:00 675811                             /usr/lib/jvm/jdk1.7.0_79/bin/java
0160d000-0162e000 rw-p 00000000 00:00 0                                  [heap]
aff80000-bff80000 rw-p 00000000 00:00 0 
eaa80000-100000000 rw-p 00000000 00:00 0 
7f5b23331000-7f5b23506000 rw-p 00000000 00:00 0 
7f5b23506000-7f5b235bc000 rw-p 00000000 00:00 0 
7f5b235bc000-7f5b237b2000 rw-p 00000000 00:00 0 
7f5b237b2000-7f5b23a22000 rwxp 00000000 00:00 0 
7f5b23a22000-7f5b2b7b2000 rw-p 00000000 00:00 0 
7f5b2b7b2000-7f5b2b7cc000 r-xp 00000000 07:00 675620                     /usr/lib/jvm/jdk1.7.0_79/jre/lib/amd64/libzip.so
7f5b2b7cc000-7f5b2b9cc000 ---p 0001a000 07:00 675620                     /usr/lib/jvm/jdk1.7.0_79/jre/lib/amd64/libzip.so
7f5b2b9cc000-7f5b2b9cd000 rw-p 0001a000 07:00 675620                     /usr/lib/jvm/jdk1.7.0_79/jre/lib/amd64/libzip.so
7f5b2b9cd000-7f5b2b9d9000 r-xp 00000000 07:00 135120                     /lib/x86_64-linux-gnu/libnss_files-2.15.so
7f5b2b9d9000-7f5b2bbd8000 ---p 0000c000 07:00 135120                     /lib/x86_64-linux-gnu/libnss_files-2.15.so
7f5b2bbd8000-7f5b2bbd9000 r--p 0000b000 07:00 135120                     /lib/x86_64-linux-gnu/libnss_files-2.15.so
7f5b2bbd9000-7f5b2bbda000 rw-p 0000c000 07:00 135120                     /lib/x86_64-linux-gnu/libnss_files-2.15.so
7f5b2bbda000-7f5b2bbe4000 r-xp 00000000 07:00 135124                     /lib/x86_64-linux-gnu/libnss_nis-2.15.so
7f5b2bbe4000-7f5b2bde4000 ---p 0000a000 07:00 135124                     /lib/x86_64-linux-gnu/libnss_nis-2.15.so
7f5b2bde4000-7f5b2bde5000 r--p 0000a000 07:00 135124                     /lib/x86_64-linux-gnu/libnss_nis-2.15.so
7f5b2bde5000-7f5b2bde6000 rw-p 0000b000 07:00 135124                     /lib/x86_64-linux-gnu/libnss_nis-2.15.so
7f5b2bde6000-7f5b2bdfd000 r-xp 00000000 07:00 135114                     /lib/x86_64-linux-gnu/libnsl-2.15.so
7f5b2bdfd000-7f5b2bffc000 ---p 00017000 07:00 135114                     /lib/x86_64-linux-gnu/libnsl-2.15.so
7f5b2bffc000-7f5b2bffd000 r--p 00016000 07:00 135114                     /lib/x86_64-linux-gnu/libnsl-2.15.so
7f5b2bffd000-7f5b2bffe000 rw-p 00017000 07:00 135114                     /lib/x86_64-linux-gnu/libnsl-2.15.so
7f5b2bffe000-7f5b2c000000 rw-p 00000000 00:00 0 
7f5b2c000000-7f5b2c025000 rw-p 00000000 00:00 0 
7f5b2c025000-7f5b30000000 ---p 00000000 00:00 0 
7f5b30039000-7f5b301a6000 rw-p 00000000 00:00 0 
7f5b301a6000-7f5b301ae000 r-xp 00000000 07:00 135116                     /lib/x86_64-linux-gnu/libnss_compat-2.15.so
7f5b301ae000-7f5b303ad000 ---p 00008000 07:00 135116                     /lib/x86_64-linux-gnu/libnss_compat-2.15.so
7f5b303ad000-7f5b303ae000 r--p 00007000 07:00 135116                     /lib/x86_64-linux-gnu/libnss_compat-2.15.so
7f5b303ae000-7f5b303af000 rw-p 00008000 07:00 135116                     /lib/x86_64-linux-gnu/libnss_compat-2.15.so
7f5b303af000-7f5b303d8000 r-xp 00000000 07:00 675584                     /usr/lib/jvm/jdk1.7.0_79/jre/lib/amd64/libjava.so
7f5b303d8000-7f5b305d8000 ---p 00029000 07:00 675584                     /usr/lib/jvm/jdk1.7.0_79/jre/lib/amd64/libjava.so
7f5b305d8000-7f5b305da000 rw-p 00029000 07:00 675584                     /usr/lib/jvm/jdk1.7.0_79/jre/lib/amd64/libjava.so
7f5b305da000-7f5b305e7000 r-xp 00000000 07:00 675612                     /usr/lib/jvm/jdk1.7.0_79/jre/lib/amd64/libverify.so
7f5b305e7000-7f5b307e6000 ---p 0000d000 07:00 675612                     /usr/lib/jvm/jdk1.7.0_79/jre/lib/amd64/libverify.so
7f5b307e6000-7f5b307e8000 rw-p 0000c000 07:00 675612                     /usr/lib/jvm/jdk1.7.0_79/jre/lib/amd64/libverify.so
7f5b307e8000-7f5b307ef000 r-xp 00000000 07:00 135155                     /lib/x86_64-linux-gnu/librt-2.15.so
7f5b307ef000-7f5b309ee000 ---p 00007000 07:00 135155                     /lib/x86_64-linux-gnu/librt-2.15.so
7f5b309ee000-7f5b309ef000 r--p 00006000 07:00 135155                     /lib/x86_64-linux-gnu/librt-2.15.so
7f5b309ef000-7f5b309f0000 rw-p 00007000 07:00 135155                     /lib/x86_64-linux-gnu/librt-2.15.so
7f5b309f0000-7f5b30aeb000 r-xp 00000000 07:00 135101                     /lib/x86_64-linux-gnu/libm-2.15.so
7f5b30aeb000-7f5b30cea000 ---p 000fb000 07:00 135101                     /lib/x86_64-linux-gnu/libm-2.15.so
7f5b30cea000-7f5b30ceb000 r--p 000fa000 07:00 135101                     /lib/x86_64-linux-gnu/libm-2.15.so
7f5b30ceb000-7f5b30cec000 rw-p 000fb000 07:00 135101                     /lib/x86_64-linux-gnu/libm-2.15.so
7f5b30cec000-7f5b31861000 r-xp 00000000 07:00 675654                     /usr/lib/jvm/jdk1.7.0_79/jre/lib/amd64/server/libjvm.so
7f5b31861000-7f5b31a61000 ---p 00b75000 07:00 675654                     /usr/lib/jvm/jdk1.7.0_79/jre/lib/amd64/server/libjvm.so
7f5b31a61000-7f5b31b25000 rw-p 00b75000 07:00 675654                     /usr/lib/jvm/jdk1.7.0_79/jre/lib/amd64/server/libjvm.so
7f5b31b25000-7f5b31b66000 rw-p 00000000 00:00 0 
7f5b31b66000-7f5b31d1b000 r-xp 00000000 07:00 135069                     /lib/x86_64-linux-gnu/libc-2.15.so
7f5b31d1b000-7f5b31f1b000 ---p 001b5000 07:00 135069                     /lib/x86_64-linux-gnu/libc-2.15.so
7f5b31f1b000-7f5b31f1f000 r--p 001b5000 07:00 135069                     /lib/x86_64-linux-gnu/libc-2.15.so
7f5b31f1f000-7f5b31f21000 rw-p 001b9000 07:00 135069                     /lib/x86_64-linux-gnu/libc-2.15.so
7f5b31f21000-7f5b31f26000 rw-p 00000000 00:00 0 
7f5b31f26000-7f5b31f28000 r-xp 00000000 07:00 135082                     /lib/x86_64-linux-gnu/libdl-2.15.so
7f5b31f28000-7f5b32128000 ---p 00002000 07:00 135082                     /lib/x86_64-linux-gnu/libdl-2.15.so
7f5b32128000-7f5b32129000 r--p 00002000 07:00 135082                     /lib/x86_64-linux-gnu/libdl-2.15.so
7f5b32129000-7f5b3212a000 rw-p 00003000 07:00 135082                     /lib/x86_64-linux-gnu/libdl-2.15.so
7f5b3212a000-7f5b32140000 r-xp 00000000 07:00 808928                     /usr/lib/jvm/jdk1.7.0_79/lib/amd64/jli/libjli.so
7f5b32140000-7f5b32340000 ---p 00016000 07:00 808928                     /usr/lib/jvm/jdk1.7.0_79/lib/amd64/jli/libjli.so
7f5b32340000-7f5b32341000 rw-p 00016000 07:00 808928                     /usr/lib/jvm/jdk1.7.0_79/lib/amd64/jli/libjli.so
7f5b32341000-7f5b32359000 r-xp 00000000 07:00 135149                     /lib/x86_64-linux-gnu/libpthread-2.15.so
7f5b32359000-7f5b32558000 ---p 00018000 07:00 135149                     /lib/x86_64-linux-gnu/libpthread-2.15.so
7f5b32558000-7f5b32559000 r--p 00017000 07:00 135149                     /lib/x86_64-linux-gnu/libpthread-2.15.so
7f5b32559000-7f5b3255a000 rw-p 00018000 07:00 135149                     /lib/x86_64-linux-gnu/libpthread-2.15.so
7f5b3255a000-7f5b3255e000 rw-p 00000000 00:00 0 
7f5b3255e000-7f5b32580000 r-xp 00000000 07:00 135049                     /lib/x86_64-linux-gnu/ld-2.15.so
7f5b3258b000-7f5b32666000 rw-p 00000000 00:00 0 
7f5b32666000-7f5b32669000 ---p 00000000 00:00 0 
7f5b32669000-7f5b3276b000 rw-p 00000000 00:00 0                          [stack:18536]
7f5b32772000-7f5b32774000 rw-p 00000000 00:00 0 
7f5b32774000-7f5b3277c000 rw-s 00000000 07:00 262659                     /tmp/hsperfdata_root/18535
7f5b3277c000-7f5b3277d000 rw-p 00000000 00:00 0 
7f5b3277d000-7f5b3277e000 r--p 00000000 00:00 0 
7f5b3277e000-7f5b32780000 rw-p 00000000 00:00 0 
7f5b32780000-7f5b32781000 r--p 00022000 07:00 135049                     /lib/x86_64-linux-gnu/ld-2.15.so
7f5b32781000-7f5b32783000 rw-p 00023000 07:00 135049                     /lib/x86_64-linux-gnu/ld-2.15.so
7fff90705000-7fff90726000 rw-p 00000000 00:00 0                          [stack]
7fff907fe000-7fff90800000 r-xp 00000000 00:00 0                          [vdso]
ffffffffff600000-ffffffffff601000 r-xp 00000000 00:00 0                  [vsyscall]

VM Arguments:
jvm_args: -Xms1024m -Xmx1024m -XX:ReservedCodeCacheSize=128m -XX:MaxPermSize=256m 
java_command: /home/crazydog/sbt/bin/sbt-launch.jar
Launcher Type: SUN_STANDARD

Environment Variables:
PATH=/usr/local/sbin:/usr/local/bin:/usr/sbin:/usr/bin:/sbin:/bin
USERNAME=root
SHELL=/bin/bash
DISPLAY=:0.0

Signal Handlers:
SIGSEGV: [libjvm.so+0x9a3bf0], sa_mask[0]=0x7ffbfeff, sa_flags=0x10000004
SIGBUS: [libjvm.so+0x9a3bf0], sa_mask[0]=0x7ffbfeff, sa_flags=0x10000004
SIGFPE: [libjvm.so+0x81cb60], sa_mask[0]=0x7ffbfeff, sa_flags=0x10000004
SIGPIPE: [libjvm.so+0x81cb60], sa_mask[0]=0x7ffbfeff, sa_flags=0x10000004
SIGXFSZ: [libjvm.so+0x81cb60], sa_mask[0]=0x7ffbfeff, sa_flags=0x10000004
SIGILL: [libjvm.so+0x81cb60], sa_mask[0]=0x7ffbfeff, sa_flags=0x10000004
SIGUSR1: SIG_DFL, sa_mask[0]=0x00000000, sa_flags=0x00000000
SIGUSR2: [libjvm.so+0x81e360], sa_mask[0]=0x00000000, sa_flags=0x10000004
SIGHUP: SIG_DFL, sa_mask[0]=0x00000000, sa_flags=0x00000000
SIGINT: SIG_DFL, sa_mask[0]=0x00000000, sa_flags=0x00000000
SIGTERM: SIG_DFL, sa_mask[0]=0x00000000, sa_flags=0x00000000
SIGQUIT: SIG_DFL, sa_mask[0]=0x00000000, sa_flags=0x00000000


---------------  S Y S T E M  ---------------

OS:wheezy/sid

uname:Linux 3.13.0-32-generic #57~precise1-Ubuntu SMP Tue Jul 15 03:51:20 UTC 2014 x86_64
libc:glibc 2.15 NPTL 2.15 
rlimit: STACK 8192k, CORE 0k, NPROC 61327, NOFILE 4096, AS infinity
load average:0.84 1.06 0.86

/proc/meminfo:
MemTotal:        7870936 kB
MemFree:          356552 kB
Buffers:          105904 kB
Cached:           614112 kB
SwapCached:        13076 kB
Active:          3576740 kB
Inactive:        1308512 kB
Active(anon):    3498364 kB
Inactive(anon):  1097556 kB
Active(file):      78376 kB
Inactive(file):   210956 kB
Unevictable:     2370852 kB
Mlocked:         2368172 kB
SwapTotal:        262140 kB
SwapFree:          52348 kB
Dirty:               504 kB
Writeback:             0 kB
AnonPages:       6526564 kB
Mapped:           188740 kB
Shmem:            401532 kB
Slab:              89180 kB
SReclaimable:      45828 kB
SUnreclaim:        43352 kB
KernelStack:        8744 kB
PageTables:        55292 kB
NFS_Unstable:          0 kB
Bounce:                0 kB
WritebackTmp:          0 kB
CommitLimit:     4197608 kB
Committed_AS:   12823236 kB
VmallocTotal:   34359738367 kB
VmallocUsed:      412276 kB
VmallocChunk:   34359312168 kB
HardwareCorrupted:     0 kB
AnonHugePages:   3135488 kB
HugePages_Total:       0
HugePages_Free:        0
HugePages_Rsvd:        0
HugePages_Surp:        0
Hugepagesize:       2048 kB
DirectMap4k:      129048 kB
DirectMap2M:     7950336 kB


CPU:total 4 (2 cores per cpu, 2 threads per core) family 6 model 58 stepping 9, cmov, cx8, fxsr, mmx, sse, sse2, sse3, ssse3, sse4.1, sse4.2, popcnt, avx, aes, erms, ht, tsc, tscinvbit, tscinv

/proc/cpuinfo:
processor	: 0
vendor_id	: GenuineIntel
cpu family	: 6
model		: 58
model name	: Intel(R) Core(TM) i7-3520M CPU @ 2.90GHz
stepping	: 9
microcode	: 0x17
cpu MHz		: 2901.000
cache size	: 4096 KB
physical id	: 0
siblings	: 4
core id		: 0
cpu cores	: 2
apicid		: 0
initial apicid	: 0
fpu		: yes
fpu_exception	: yes
cpuid level	: 13
wp		: yes
flags		: fpu vme de pse tsc msr pae mce cx8 apic sep mtrr pge mca cmov pat pse36 clflush dts acpi mmx fxsr sse sse2 ss ht tm pbe syscall nx rdtscp lm constant_tsc arch_perfmon pebs bts rep_good nopl xtopology nonstop_tsc aperfmperf eagerfpu pni pclmulqdq dtes64 monitor ds_cpl vmx smx est tm2 ssse3 cx16 xtpr pdcm pcid sse4_1 sse4_2 x2apic popcnt tsc_deadline_timer aes xsave avx f16c rdrand lahf_lm ida arat epb xsaveopt pln pts dtherm tpr_shadow vnmi flexpriority ept vpid fsgsbase smep erms
bogomips	: 5786.58
clflush size	: 64
cache_alignment	: 64
address sizes	: 36 bits physical, 48 bits virtual
power management:

processor	: 1
vendor_id	: GenuineIntel
cpu family	: 6
model		: 58
model name	: Intel(R) Core(TM) i7-3520M CPU @ 2.90GHz
stepping	: 9
microcode	: 0x17
cpu MHz		: 2800.000
cache size	: 4096 KB
physical id	: 0
siblings	: 4
core id		: 0
cpu cores	: 2
apicid		: 1
initial apicid	: 1
fpu		: yes
fpu_exception	: yes
cpuid level	: 13
wp		: yes
flags		: fpu vme de pse tsc msr pae mce cx8 apic sep mtrr pge mca cmov pat pse36 clflush dts acpi mmx fxsr sse sse2 ss ht tm pbe syscall nx rdtscp lm constant_tsc arch_perfmon pebs bts rep_good nopl xtopology nonstop_tsc aperfmperf eagerfpu pni pclmulqdq dtes64 monitor ds_cpl vmx smx est tm2 ssse3 cx16 xtpr pdcm pcid sse4_1 sse4_2 x2apic popcnt tsc_deadline_timer aes xsave avx f16c rdrand lahf_lm ida arat epb xsaveopt pln pts dtherm tpr_shadow vnmi flexpriority ept vpid fsgsbase smep erms
bogomips	: 5786.58
clflush size	: 64
cache_alignment	: 64
address sizes	: 36 bits physical, 48 bits virtual
power management:

processor	: 2
vendor_id	: GenuineIntel
cpu family	: 6
model		: 58
model name	: Intel(R) Core(TM) i7-3520M CPU @ 2.90GHz
stepping	: 9
microcode	: 0x17
cpu MHz		: 2901.000
cache size	: 4096 KB
physical id	: 0
siblings	: 4
core id		: 1
cpu cores	: 2
apicid		: 2
initial apicid	: 2
fpu		: yes
fpu_exception	: yes
cpuid level	: 13
wp		: yes
flags		: fpu vme de pse tsc msr pae mce cx8 apic sep mtrr pge mca cmov pat pse36 clflush dts acpi mmx fxsr sse sse2 ss ht tm pbe syscall nx rdtscp lm constant_tsc arch_perfmon pebs bts rep_good nopl xtopology nonstop_tsc aperfmperf eagerfpu pni pclmulqdq dtes64 monitor ds_cpl vmx smx est tm2 ssse3 cx16 xtpr pdcm pcid sse4_1 sse4_2 x2apic popcnt tsc_deadline_timer aes xsave avx f16c rdrand lahf_lm ida arat epb xsaveopt pln pts dtherm tpr_shadow vnmi flexpriority ept vpid fsgsbase smep erms
bogomips	: 5786.58
clflush size	: 64
cache_alignment	: 64
address sizes	: 36 bits physical, 48 bits virtual
power management:

processor	: 3
vendor_id	: GenuineIntel
cpu family	: 6
model		: 58
model name	: Intel(R) Core(TM) i7-3520M CPU @ 2.90GHz
stepping	: 9
microcode	: 0x17
cpu MHz		: 1200.000
cache size	: 4096 KB
physical id	: 0
siblings	: 4
core id		: 1
cpu cores	: 2
apicid		: 3
initial apicid	: 3
fpu		: yes
fpu_exception	: yes
cpuid level	: 13
wp		: yes
flags		: fpu vme de pse tsc msr pae mce cx8 apic sep mtrr pge mca cmov pat pse36 clflush dts acpi mmx fxsr sse sse2 ss ht tm pbe syscall nx rdtscp lm constant_tsc arch_perfmon pebs bts rep_good nopl xtopology nonstop_tsc aperfmperf eagerfpu pni pclmulqdq dtes64 monitor ds_cpl vmx smx est tm2 ssse3 cx16 xtpr pdcm pcid sse4_1 sse4_2 x2apic popcnt tsc_deadline_timer aes xsave avx f16c rdrand lahf_lm ida arat epb xsaveopt pln pts dtherm tpr_shadow vnmi flexpriority ept vpid fsgsbase smep erms
bogomips	: 5786.58
clflush size	: 64
cache_alignment	: 64
address sizes	: 36 bits physical, 48 bits virtual
power management:



Memory: 4k page, physical 7870936k(356552k free), swap 262140k(52348k free)

vm_info: Java HotSpot(TM) 64-Bit Server VM (24.79-b02) for linux-amd64 JRE (1.7.0_79-b15), built on Apr 10 2015 11:34:48 by "java_re" with gcc 4.3.0 20080428 (Red Hat 4.3.0-8)

time: Tue Jun 16 21:57:38 2015
elapsed time: 0 seconds

